# JRE version: OpenJDK Runtime Environment (11.0.8+10) (build 11.0.8+10-b944.6842174)
# Java VM: OpenJDK 64-Bit Server VM (11.0.8+10-b944.6842174, mixed mode, tiered, compressed oops, g1 gc, windows-amd64)
Heap:
 garbage-first heap   total 674816K, used 238147K [0x0000000080000000, 0x0000000100000000)
  region size 1024K, 2 young (2048K), 2 survivors (2048K)
 Metaspace       used 105786K, capacity 108177K, committed 108324K, reserved 1144832K
  class space    used 13179K, capacity 14014K, committed 14080K, reserved 1048576K
GC Heap History (20 events):
Event: 31.811 GC heap after
{Heap after GC invocations=48 (full 0):
 garbage-first heap   total 157696K, used 140357K [0x0000000080000000, 0x0000000100000000)
  region size 1024K, 1 young (1024K), 1 survivors (1024K)
 Metaspace       used 104874K, capacity 107252K, committed 107556K, reserved 1142784K
  class space    used 13119K, capacity 13967K, committed 14080K, reserved 1048576K
}
Event: 32.095 GC heap before
{Heap before GC invocations=49 (full 0):
 garbage-first heap   total 157696K, used 145477K [0x0000000080000000, 0x0000000100000000)
  region size 1024K, 7 young (7168K), 1 survivors (1024K)
 Metaspace       used 105554K, capacity 107905K, committed 108068K, reserved 1142784K
  class space    used 13169K, capacity 14011K, committed 14080K, reserved 1048576K
}
Event: 32.098 GC heap after
{Heap after GC invocations=50 (full 0):
 garbage-first heap   total 157696K, used 140744K [0x0000000080000000, 0x0000000100000000)
  region size 1024K, 1 young (1024K), 1 survivors (1024K)
 Metaspace       used 105554K, capacity 107905K, committed 108068K, reserved 1142784K
  class space    used 13169K, capacity 14011K, committed 14080K, reserved 1048576K
}
Event: 32.181 GC heap before
{Heap before GC invocations=50 (full 0):
 garbage-first heap   total 157696K, used 146888K [0x0000000080000000, 0x0000000100000000)
  region size 1024K, 7 young (7168K), 1 survivors (1024K)
 Metaspace       used 105616K, capacity 107972K, committed 108068K, reserved 1142784K
  class space    used 13169K, capacity 14011K, committed 14080K, reserved 1048576K
}
Event: 32.189 GC heap after
{Heap after GC invocations=51 (full 0):
 garbage-first heap   total 189440K, used 140338K [0x0000000080000000, 0x0000000100000000)
  region size 1024K, 1 young (1024K), 1 survivors (1024K)
 Metaspace       used 105616K, capacity 107972K, committed 108068K, reserved 1142784K
  class space    used 13169K, capacity 14011K, committed 14080K, reserved 1048576K
}
Event: 32.330 GC heap before
{Heap before GC invocations=51 (full 0):
 garbage-first heap   total 189440K, used 153650K [0x0000000080000000, 0x0000000100000000)
  region size 1024K, 14 young (14336K), 1 survivors (1024K)
 Metaspace       used 105616K, capacity 107972K, committed 108068K, reserved 1142784K
  class space    used 13169K, capacity 14011K, committed 14080K, reserved 1048576K
}
Event: 32.338 GC heap after
{Heap after GC invocations=52 (full 0):
 garbage-first heap   total 189440K, used 153557K [0x0000000080000000, 0x0000000100000000)
  region size 1024K, 2 young (2048K), 2 survivors (2048K)
 Metaspace       used 105616K, capacity 107972K, committed 108068K, reserved 1142784K
  class space    used 13169K, capacity 14011K, committed 14080K, reserved 1048576K
}
Event: 32.448 GC heap before
{Heap before GC invocations=52 (full 0):
 garbage-first heap   total 189440K, used 160725K [0x0000000080000000, 0x0000000100000000)
  region size 1024K, 9 young (9216K), 2 survivors (2048K)
 Metaspace       used 105616K, capacity 107972K, committed 108068K, reserved 1142784K
  class space    used 13169K, capacity 14011K, committed 14080K, reserved 1048576K
}
Event: 32.453 GC heap after
{Heap after GC invocations=53 (full 0):
 garbage-first heap   total 189440K, used 161149K [0x0000000080000000, 0x0000000100000000)
  region size 1024K, 2 young (2048K), 2 survivors (2048K)
 Metaspace       used 105616K, capacity 107972K, committed 108068K, reserved 1142784K
  class space    used 13169K, capacity 14011K, committed 14080K, reserved 1048576K
}
Event: 32.513 GC heap before
{Heap before GC invocations=53 (full 0):
 garbage-first heap   total 189440K, used 168317K [0x0000000080000000, 0x0000000100000000)
  region size 1024K, 9 young (9216K), 2 survivors (2048K)
 Metaspace       used 105616K, capacity 107972K, committed 108068K, reserved 1142784K
  class space    used 13169K, capacity 14011K, committed 14080K, reserved 1048576K
}
Event: 32.519 GC heap after
{Heap after GC invocations=54 (full 0):
 garbage-first heap   total 189440K, used 168960K [0x0000000080000000, 0x0000000100000000)
  region size 1024K, 2 young (2048K), 2 survivors (2048K)
 Metaspace       used 105616K, capacity 107972K, committed 108068K, reserved 1142784K
  class space    used 13169K, capacity 14011K, committed 14080K, reserved 1048576K
}
Event: 32.572 GC heap before
{Heap before GC invocations=54 (full 0):
 garbage-first heap   total 189440K, used 176128K [0x0000000080000000, 0x0000000100000000)
  region size 1024K, 9 young (9216K), 2 survivors (2048K)
 Metaspace       used 105616K, capacity 107972K, committed 108068K, reserved 1142784K
  class space    used 13169K, capacity 14011K, committed 14080K, reserved 1048576K
}
Event: 32.636 GC heap after
{Heap after GC invocations=55 (full 0):
 garbage-first heap   total 285696K, used 176550K [0x0000000080000000, 0x0000000100000000)
  region size 1024K, 2 young (2048K), 2 survivors (2048K)
 Metaspace       used 105616K, capacity 107972K, committed 108068K, reserved 1142784K
  class space    used 13169K, capacity 14011K, committed 14080K, reserved 1048576K
}
Event: 32.828 GC heap before
{Heap before GC invocations=56 (full 0):
 garbage-first heap   total 285696K, used 204198K [0x0000000080000000, 0x0000000100000000)
  region size 1024K, 29 young (29696K), 2 survivors (2048K)
 Metaspace       used 105668K, capacity 108036K, committed 108324K, reserved 1144832K
  class space    used 13169K, capacity 14011K, committed 14080K, reserved 1048576K
}
Event: 32.843 GC heap after
{Heap after GC invocations=57 (full 0):
 garbage-first heap   total 285696K, used 197632K [0x0000000080000000, 0x0000000100000000)
  region size 1024K, 4 young (4096K), 4 survivors (4096K)
 Metaspace       used 105668K, capacity 108036K, committed 108324K, reserved 1144832K
  class space    used 13169K, capacity 14011K, committed 14080K, reserved 1048576K
}
Event: 32.910 GC heap before
{Heap before GC invocations=57 (full 0):
 garbage-first heap   total 285696K, used 218112K [0x0000000080000000, 0x0000000100000000)
  region size 1024K, 24 young (24576K), 4 survivors (4096K)
 Metaspace       used 105668K, capacity 108036K, committed 108324K, reserved 1144832K
  class space    used 13169K, capacity 14011K, committed 14080K, reserved 1048576K
}
Event: 32.926 GC heap after
{Heap after GC invocations=58 (full 0):
 garbage-first heap   total 285696K, used 219042K [0x0000000080000000, 0x0000000100000000)
  region size 1024K, 3 young (3072K), 3 survivors (3072K)
 Metaspace       used 105668K, capacity 108036K, committed 108324K, reserved 1144832K
  class space    used 13169K, capacity 14011K, committed 14080K, reserved 1048576K
}
Event: 32.958 GC heap before
{Heap before GC invocations=58 (full 0):
 garbage-first heap   total 285696K, used 231330K [0x0000000080000000, 0x0000000100000000)
  region size 1024K, 15 young (15360K), 3 survivors (3072K)
 Metaspace       used 105668K, capacity 108036K, committed 108324K, reserved 1144832K
  class space    used 13169K, capacity 14011K, committed 14080K, reserved 1048576K
}
Event: 32.969 GC heap after
{Heap after GC invocations=59 (full 0):
 garbage-first heap   total 285696K, used 232835K [0x0000000080000000, 0x0000000100000000)
  region size 1024K, 2 young (2048K), 2 survivors (2048K)
 Metaspace       used 105668K, capacity 108036K, committed 108324K, reserved 1144832K
  class space    used 13169K, capacity 14011K, committed 14080K, reserved 1048576K
}
Event: 33.057 GC heap before
{Heap before GC invocations=59 (full 0):
 garbage-first heap   total 285696K, used 244099K [0x0000000080000000, 0x0000000100000000)
  region size 1024K, 13 young (13312K), 2 survivors (2048K)
 Metaspace       used 105786K, capacity 108177K, committed 108324K, reserved 1144832K
  class space    used 13179K, capacity 14014K, committed 14080K, reserved 1048576K
}

